2022-11-01T00:46:28+00:00 DEBUG 
====Stripe Version: 6.8.0====
====Start Log====
Incoming webhook failed validation: {
  "id": "evt_1Lz8cWExqSJUWSDTGg3J5z81",
  "object": "event",
  "api_version": "2022-08-01",
  "created": 1667263584,
  "data": {
    "object": {
      "object": "balance",
      "available": [
        {
          "amount": 0,
          "currency": "brl",
          "source_types": {
            "card": 0
          }
        }
      ],
      "livemode": false,
      "pending": [
        {
          "amount": 0,
          "currency": "brl",
          "source_types": {
            "card": 0
          }
        }
      ]
    }
  },
  "livemode": false,
  "pending_webhooks": 6,
  "request": {
    "id": null,
    "idempotency_key": null
  },
  "type": "balance.available"
}
====End Log====


2022-11-01T17:01:06+00:00 DEBUG 
====Stripe Version: 6.8.0====
====Start Log====
account
====End Log====


2022-11-01T17:04:21+00:00 DEBUG 
====Stripe Version: 6.8.0====
====Start Log====
account
====End Log====


2022-11-01T17:20:55+00:00 DEBUG 
====Stripe Version: 6.8.0====
====Start Log====
account
====End Log====


2022-11-01T17:26:48+00:00 DEBUG 
====Stripe Version: 6.8.0====
====Start Log====
account
====End Log====


2022-11-01T17:27:28+00:00 DEBUG 
====Stripe Version: 6.8.0====
====Start Log====
account
====End Log====


2022-11-01T17:27:55+00:00 DEBUG 
====Stripe Version: 6.8.0====
====Start Log====
account
====End Log====


